WARNING: The directory '/Users/srijanjha/Library/Caches/pip' or its parent directory is not owned or is not writable by the current user. The cache has been disabled. Check the permissions and owner of that directory. If executing pip with sudo, you should use sudo's -H flag.
WARNING: Retrying (Retry(total=4, connect=None, read=None, redirect=None, status=None)) after connection broken by 'NewConnectionError('<pip._vendor.urllib3.connection.HTTPSConnection object at 0x10310b4d0>: Failed to establish a new connection: [Errno 8] nodename nor servname provided, or not known')': /simple/yfinance/
WARNING: Retrying (Retry(total=3, connect=None, read=None, redirect=None, status=None)) after connection broken by 'NewConnectionError('<pip._vendor.urllib3.connection.HTTPSConnection object at 0x103083c50>: Failed to establish a new connection: [Errno 8] nodename nor servname provided, or not known')': /simple/yfinance/
WARNING: Retrying (Retry(total=2, connect=None, read=None, redirect=None, status=None)) after connection broken by 'NewConnectionError('<pip._vendor.urllib3.connection.HTTPSConnection object at 0x103083ed0>: Failed to establish a new connection: [Errno 8] nodename nor servname provided, or not known')': /simple/yfinance/
WARNING: Retrying (Retry(total=1, connect=None, read=None, redirect=None, status=None)) after connection broken by 'NewConnectionError('<pip._vendor.urllib3.connection.HTTPSConnection object at 0x103218190>: Failed to establish a new connection: [Errno 8] nodename nor servname provided, or not known')': /simple/yfinance/
WARNING: Retrying (Retry(total=0, connect=None, read=None, redirect=None, status=None)) after connection broken by 'NewConnectionError('<pip._vendor.urllib3.connection.HTTPSConnection object at 0x103218410>: Failed to establish a new connection: [Errno 8] nodename nor servname provided, or not known')': /simple/yfinance/
ERROR: Could not find a version that satisfies the requirement yfinance (from versions: none)
ERROR: No matching distribution found for yfinance
WARNING: The directory '/Users/srijanjha/Library/Caches/pip' or its parent directory is not owned or is not writable by the current user. The cache has been disabled. Check the permissions and owner of that directory. If executing pip with sudo, you should use sudo's -H flag.
WARNING: The directory '/Users/srijanjha/Library/Caches/pip' or its parent directory is not owned or is not writable by the current user. The cache has been disabled. Check the permissions and owner of that directory. If executing pip with sudo, you should use sudo's -H flag.
WARNING: The directory '/Users/srijanjha/Library/Caches/pip' or its parent directory is not owned or is not writable by the current user. The cache has been disabled. Check the permissions and owner of that directory. If executing pip with sudo, you should use sudo's -H flag.
WARNING: The directory '/Users/srijanjha/Library/Caches/pip' or its parent directory is not owned or is not writable by the current user. The cache has been disabled. Check the permissions and owner of that directory. If executing pip with sudo, you should use sudo's -H flag.
WARNING: The directory '/Users/srijanjha/Library/Caches/pip' or its parent directory is not owned or is not writable by the current user. The cache has been disabled. Check the permissions and owner of that directory. If executing pip with sudo, you should use sudo's -H flag.
WARNING: The directory '/Users/srijanjha/Library/Caches/pip' or its parent directory is not owned or is not writable by the current user. The cache has been disabled. Check the permissions and owner of that directory. If executing pip with sudo, you should use sudo's -H flag.
WARNING: The directory '/Users/srijanjha/Library/Caches/pip' or its parent directory is not owned or is not writable by the current user. The cache has been disabled. Check the permissions and owner of that directory. If executing pip with sudo, you should use sudo's -H flag.
WARNING: The directory '/Users/srijanjha/Library/Caches/pip' or its parent directory is not owned or is not writable by the current user. The cache has been disabled. Check the permissions and owner of that directory. If executing pip with sudo, you should use sudo's -H flag.
WARNING: The directory '/Users/srijanjha/Library/Caches/pip' or its parent directory is not owned or is not writable by the current user. The cache has been disabled. Check the permissions and owner of that directory. If executing pip with sudo, you should use sudo's -H flag.
WARNING: Retrying (Retry(total=4, connect=None, read=None, redirect=None, status=None)) after connection broken by 'NewConnectionError('<pip._vendor.urllib3.connection.HTTPSConnection object at 0x10751b4d0>: Failed to establish a new connection: [Errno 8] nodename nor servname provided, or not known')': /simple/textblob/
WARNING: Retrying (Retry(total=3, connect=None, read=None, redirect=None, status=None)) after connection broken by 'NewConnectionError('<pip._vendor.urllib3.connection.HTTPSConnection object at 0x107493c50>: Failed to establish a new connection: [Errno 8] nodename nor servname provided, or not known')': /simple/textblob/
WARNING: Retrying (Retry(total=2, connect=None, read=None, redirect=None, status=None)) after connection broken by 'NewConnectionError('<pip._vendor.urllib3.connection.HTTPSConnection object at 0x107493ed0>: Failed to establish a new connection: [Errno 8] nodename nor servname provided, or not known')': /simple/textblob/
WARNING: Retrying (Retry(total=1, connect=None, read=None, redirect=None, status=None)) after connection broken by 'NewConnectionError('<pip._vendor.urllib3.connection.HTTPSConnection object at 0x107628190>: Failed to establish a new connection: [Errno 8] nodename nor servname provided, or not known')': /simple/textblob/
WARNING: Retrying (Retry(total=0, connect=None, read=None, redirect=None, status=None)) after connection broken by 'NewConnectionError('<pip._vendor.urllib3.connection.HTTPSConnection object at 0x107628410>: Failed to establish a new connection: [Errno 8] nodename nor servname provided, or not known')': /simple/textblob/
ERROR: Could not find a version that satisfies the requirement textblob (from versions: none)
ERROR: No matching distribution found for textblob
WARNING: The directory '/Users/srijanjha/Library/Caches/pip' or its parent directory is not owned or is not writable by the current user. The cache has been disabled. Check the permissions and owner of that directory. If executing pip with sudo, you should use sudo's -H flag.
WARNING: Retrying (Retry(total=4, connect=None, read=None, redirect=None, status=None)) after connection broken by 'NewConnectionError('<pip._vendor.urllib3.connection.HTTPSConnection object at 0x1029274d0>: Failed to establish a new connection: [Errno 8] nodename nor servname provided, or not known')': /simple/vadersentiment/
WARNING: Retrying (Retry(total=3, connect=None, read=None, redirect=None, status=None)) after connection broken by 'NewConnectionError('<pip._vendor.urllib3.connection.HTTPSConnection object at 0x10289fd90>: Failed to establish a new connection: [Errno 8] nodename nor servname provided, or not known')': /simple/vadersentiment/
WARNING: Retrying (Retry(total=2, connect=None, read=None, redirect=None, status=None)) after connection broken by 'NewConnectionError('<pip._vendor.urllib3.connection.HTTPSConnection object at 0x102a38050>: Failed to establish a new connection: [Errno 8] nodename nor servname provided, or not known')': /simple/vadersentiment/
WARNING: Retrying (Retry(total=1, connect=None, read=None, redirect=None, status=None)) after connection broken by 'NewConnectionError('<pip._vendor.urllib3.connection.HTTPSConnection object at 0x102a382d0>: Failed to establish a new connection: [Errno 8] nodename nor servname provided, or not known')': /simple/vadersentiment/
WARNING: Retrying (Retry(total=0, connect=None, read=None, redirect=None, status=None)) after connection broken by 'NewConnectionError('<pip._vendor.urllib3.connection.HTTPSConnection object at 0x102a38550>: Failed to establish a new connection: [Errno 8] nodename nor servname provided, or not known')': /simple/vadersentiment/
ERROR: Could not find a version that satisfies the requirement vaderSentiment (from versions: none)
ERROR: No matching distribution found for vaderSentiment
WARNING: The directory '/Users/srijanjha/Library/Caches/pip' or its parent directory is not owned or is not writable by the current user. The cache has been disabled. Check the permissions and owner of that directory. If executing pip with sudo, you should use sudo's -H flag.
WARNING: The directory '/Users/srijanjha/Library/Caches/pip' or its parent directory is not owned or is not writable by the current user. The cache has been disabled. Check the permissions and owner of that directory. If executing pip with sudo, you should use sudo's -H flag.
WARNING: The directory '/Users/srijanjha/Library/Caches/pip' or its parent directory is not owned or is not writable by the current user. The cache has been disabled. Check the permissions and owner of that directory. If executing pip with sudo, you should use sudo's -H flag.
WARNING: Retrying (Retry(total=4, connect=None, read=None, redirect=None, status=None)) after connection broken by 'NewConnectionError('<pip._vendor.urllib3.connection.HTTPSConnection object at 0x102f3f4d0>: Failed to establish a new connection: [Errno 8] nodename nor servname provided, or not known')': /simple/kaleido/
WARNING: Retrying (Retry(total=3, connect=None, read=None, redirect=None, status=None)) after connection broken by 'NewConnectionError('<pip._vendor.urllib3.connection.HTTPSConnection object at 0x102eb7c50>: Failed to establish a new connection: [Errno 8] nodename nor servname provided, or not known')': /simple/kaleido/
WARNING: Retrying (Retry(total=2, connect=None, read=None, redirect=None, status=None)) after connection broken by 'NewConnectionError('<pip._vendor.urllib3.connection.HTTPSConnection object at 0x102eb7ed0>: Failed to establish a new connection: [Errno 8] nodename nor servname provided, or not known')': /simple/kaleido/
WARNING: Retrying (Retry(total=1, connect=None, read=None, redirect=None, status=None)) after connection broken by 'NewConnectionError('<pip._vendor.urllib3.connection.HTTPSConnection object at 0x10304c190>: Failed to establish a new connection: [Errno 8] nodename nor servname provided, or not known')': /simple/kaleido/
WARNING: Retrying (Retry(total=0, connect=None, read=None, redirect=None, status=None)) after connection broken by 'NewConnectionError('<pip._vendor.urllib3.connection.HTTPSConnection object at 0x10304c410>: Failed to establish a new connection: [Errno 8] nodename nor servname provided, or not known')': /simple/kaleido/
ERROR: Could not find a version that satisfies the requirement kaleido (from versions: none)
ERROR: No matching distribution found for kaleido
  File "/opt/anaconda3/lib/python3.13/site-packages/joblib/externals/loky/backend/context.py", line 276, in _count_physical_cores
    cpu_count_physical = int(cpu_info)
OMP: Error #179: Function Can't open SHM2 failed:
OMP: System error #2: No such file or directory
